Setting datasheet to cace/sky130_cm_ip__biasgen.txt
Working directory set to cace/.. (/home/cmaier/EDA/efabless/chipalooza2024/sky130_cm_ip__biasgen)
Simulating parameter Vg
Checking for out-of-date schematic-captured netlists.
Checking for out-of-date testbench netlist tb_nfet_01v8_gmtest.spice.
Schematic netlist is older than top-level schematic
Generating testbench netlist tb_nfet_01v8_gmtest.spice from schematic. . .
Calling xschem to generate netlist
Evaluating electrical parameter Vg
Error:  Unknown/unhandled condition name "-egain"
Error:  Unknown/unhandled condition name "l"
Error:  Unknown/unhandled condition name "nf"
Error:  Unknown/unhandled condition name "iinc"
Warning: Variable {-egain} had no substitution
Warning: Variable {id} had no substitution
Warning: Variable {l} had no substitution
Warning: Variable {nf} had no substitution
Warning: Variable {iinc} had no substitution
Warning: Variable {-egain} had no substitution
Warning: Variable {id} had no substitution
Warning: Variable {l} had no substitution
Warning: Variable {nf} had no substitution
Warning: Variable {iinc} had no substitution
Warning: Variable {-egain} had no substitution
Warning: Variable {id} had no substitution
Warning: Variable {l} had no substitution
Warning: Variable {nf} had no substitution
Warning: Variable {iinc} had no substitution
Warning: Variable {-egain} had no substitution
Warning: Variable {id} had no substitution
Warning: Variable {l} had no substitution
Warning: Variable {nf} had no substitution
Warning: Variable {iinc} had no substitution
Warning: Variable {-egain} had no substitution
Warning: Variable {id} had no substitution
Warning: Variable {l} had no substitution
Warning: Variable {nf} had no substitution
Warning: Variable {iinc} had no substitution
Warning: Variable {-egain} had no substitution
Warning: Variable {id} had no substitution
Warning: Variable {l} had no substitution
Warning: Variable {nf} had no substitution
Warning: Variable {iinc} had no substitution
Warning: Variable {-egain} had no substitution
Warning: Variable {id} had no substitution
Warning: Variable {l} had no substitution
Warning: Variable {nf} had no substitution
Warning: Variable {iinc} had no substitution
Warning: Variable {-egain} had no substitution
Warning: Variable {id} had no substitution
Warning: Variable {l} had no substitution
Warning: Variable {nf} had no substitution
Warning: Variable {iinc} had no substitution
Warning: Variable {-egain} had no substitution
Warning: Variable {id} had no substitution
Warning: Variable {l} had no substitution
Warning: Variable {nf} had no substitution
Warning: Variable {iinc} had no substitution
Launching Simulations
Total files to simulate: 9
Running: ngspice  ngspice/Vg_1.spice
Current working directory is: /home/cmaier/EDA/efabless/chipalooza2024/sky130_cm_ip__biasgen
.temp: no such command available in ngspice
******
** ngspice-42 : Circuit level simulation program
** Compiled with Sparse Direct Linear Solver
** The U. C. Berkeley CAD Group
** Copyright 1985-1994, Regents of the University of California.
** Copyright 2001-2023, The ngspice team.
** Please get your ngspice manual from https://ngspice.sourceforge.io/docs.html
** Please file your bug-reports at http://ngspice.sourceforge.net/bugrep.html
** Creation Date: Sun Mar 10 02:59:47 UTC 2024
******

Note: Compatibility modes selected: hs a


Circuit: ** sch_path: /home/cmaier/eda/efabless/chipalooza2024/sky130_cm_ip__biasgen/cace/tb_nfet_01v8_gmtest.sch

option SCALE: Scale is set to 1e-06 for instance and model parameters
option SCALE: Scale is set to 1e-06 for instance and model parameters
option SCALE: Scale is set to 1e-06 for instance and model parameters
option SCALE: Scale is set to 1e-06 for instance and model parameters
Doing analysis at TEMP = 27.000000 and TNOM = 27.000000

Running: ngspice  ngspice/Vg_7.spice
Current working directory is: /home/cmaier/EDA/efabless/chipalooza2024/sky130_cm_ip__biasgen
.temp: no such command available in ngspice
Running: ngspice  ngspice/Vg_5.spice
Current working directory is: /home/cmaier/EDA/efabless/chipalooza2024/sky130_cm_ip__biasgen
.temp: no such command available in ngspice
******
** ngspice-42 : Circuit level simulation program
** Compiled with Sparse Direct Linear Solver
** The U. C. Berkeley CAD Group
** Copyright 1985-1994, Regents of the University of California.
** Copyright 2001-2023, The ngspice team.
** Please get your ngspice manual from https://ngspice.sourceforge.io/docs.html
** Please file your bug-reports at http://ngspice.sourceforge.net/bugrep.html
** Creation Date: Sun Mar 10 02:59:47 UTC 2024
******

Note: Compatibility modes selected: hs a


Circuit: ** sch_path: /home/cmaier/eda/efabless/chipalooza2024/sky130_cm_ip__biasgen/cace/tb_nfet_01v8_gmtest.sch

option SCALE: Scale is set to 1e-06 for instance and model parameters
option SCALE: Scale is set to 1e-06 for instance and model parameters
option SCALE: Scale is set to 1e-06 for instance and model parameters
option SCALE: Scale is set to 1e-06 for instance and model parameters
Doing analysis at TEMP = 27.000000 and TNOM = 27.000000

Running: ngspice  ngspice/Vg_2.spice
Current working directory is: /home/cmaier/EDA/efabless/chipalooza2024/sky130_cm_ip__biasgen
.temp: no such command available in ngspice
******
** ngspice-42 : Circuit level simulation program
** Compiled with Sparse Direct Linear Solver
** The U. C. Berkeley CAD Group
** Copyright 1985-1994, Regents of the University of California.
** Copyright 2001-2023, The ngspice team.
** Please get your ngspice manual from https://ngspice.sourceforge.io/docs.html
** Please file your bug-reports at http://ngspice.sourceforge.net/bugrep.html
** Creation Date: Sun Mar 10 02:59:47 UTC 2024
******

Note: Compatibility modes selected: hs a


Circuit: ** sch_path: /home/cmaier/eda/efabless/chipalooza2024/sky130_cm_ip__biasgen/cace/tb_nfet_01v8_gmtest.sch

option SCALE: Scale is set to 1e-06 for instance and model parameters
option SCALE: Scale is set to 1e-06 for instance and model parameters
option SCALE: Scale is set to 1e-06 for instance and model parameters
option SCALE: Scale is set to 1e-06 for instance and model parameters
Doing analysis at TEMP = 27.000000 and TNOM = 27.000000

 Reference value :  1.00000e-09
******
** ngspice-42 : Circuit level simulation program
** Compiled with Sparse Direct Linear Solver
** The U. C. Berkeley CAD Group
** Copyright 1985-1994, Regents of the University of California.
** Copyright 2001-2023, The ngspice team.
** Please get your ngspice manual from https://ngspice.sourceforge.io/docs.html
** Please file your bug-reports at http://ngspice.sourceforge.net/bugrep.html
** Creation Date: Sun Mar 10 02:59:47 UTC 2024
******

Note: Compatibility modes selected: hs a


Circuit: ** sch_path: /home/cmaier/eda/efabless/chipalooza2024/sky130_cm_ip__biasgen/cace/tb_nfet_01v8_gmtest.sch

option SCALE: Scale is set to 1e-06 for instance and model parameters
option SCALE: Scale is set to 1e-06 for instance and model parameters
option SCALE: Scale is set to 1e-06 for instance and model parameters
option SCALE: Scale is set to 1e-06 for instance and model parameters
Doing analysis at TEMP = 27.000000 and TNOM = 27.000000

Running: ngspice  ngspice/Vg_6.spice
Current working directory is: /home/cmaier/EDA/efabless/chipalooza2024/sky130_cm_ip__biasgen
.temp: no such command available in ngspice
Running: ngspice  ngspice/Vg_3.spice
Current working directory is: /home/cmaier/EDA/efabless/chipalooza2024/sky130_cm_ip__biasgen
.temp: no such command available in ngspice
Running: ngspice  ngspice/Vg_4.spice
Current working directory is: /home/cmaier/EDA/efabless/chipalooza2024/sky130_cm_ip__biasgen
.temp: no such command available in ngspice
******
** ngspice-42 : Circuit level simulation program
** Compiled with Sparse Direct Linear Solver
** The U. C. Berkeley CAD Group
** Copyright 1985-1994, Regents of the University of California.
** Copyright 2001-2023, The ngspice team.
** Please get your ngspice manual from https://ngspice.sourceforge.io/docs.html
** Please file your bug-reports at http://ngspice.sourceforge.net/bugrep.html
** Creation Date: Sun Mar 10 02:59:47 UTC 2024
******

Note: Compatibility modes selected: hs a


Circuit: ** sch_path: /home/cmaier/eda/efabless/chipalooza2024/sky130_cm_ip__biasgen/cace/tb_nfet_01v8_gmtest.sch

option SCALE: Scale is set to 1e-06 for instance and model parameters
option SCALE: Scale is set to 1e-06 for instance and model parameters
option SCALE: Scale is set to 1e-06 for instance and model parameters
option SCALE: Scale is set to 1e-06 for instance and model parameters
Doing analysis at TEMP = 27.000000 and TNOM = 27.000000

******
** ngspice-42 : Circuit level simulation program
** Compiled with Sparse Direct Linear Solver
** The U. C. Berkeley CAD Group
** Copyright 1985-1994, Regents of the University of California.
** Copyright 2001-2023, The ngspice team.
** Please get your ngspice manual from https://ngspice.sourceforge.io/docs.html
** Please file your bug-reports at http://ngspice.sourceforge.net/bugrep.html
** Creation Date: Sun Mar 10 02:59:47 UTC 2024
******

Note: Compatibility modes selected: hs a


Circuit: ** sch_path: /home/cmaier/eda/efabless/chipalooza2024/sky130_cm_ip__biasgen/cace/tb_nfet_01v8_gmtest.sch

option SCALE: Scale is set to 1e-06 for instance and model parameters
option SCALE: Scale is set to 1e-06 for instance and model parameters
option SCALE: Scale is set to 1e-06 for instance and model parameters
option SCALE: Scale is set to 1e-06 for instance and model parameters
Doing analysis at TEMP = 27.000000 and TNOM = 27.000000

******
** ngspice-42 : Circuit level simulation program
** Compiled with Sparse Direct Linear Solver
** The U. C. Berkeley CAD Group
** Copyright 1985-1994, Regents of the University of California.
** Copyright 2001-2023, The ngspice team.
** Please get your ngspice manual from https://ngspice.sourceforge.io/docs.html
** Please file your bug-reports at http://ngspice.sourceforge.net/bugrep.html
** Creation Date: Sun Mar 10 02:59:47 UTC 2024
******

Note: Compatibility modes selected: hs a


Circuit: ** sch_path: /home/cmaier/eda/efabless/chipalooza2024/sky130_cm_ip__biasgen/cace/tb_nfet_01v8_gmtest.sch

option SCALE: Scale is set to 1e-06 for instance and model parameters
option SCALE: Scale is set to 1e-06 for instance and model parameters
option SCALE: Scale is set to 1e-06 for instance and model parameters
option SCALE: Scale is set to 1e-06 for instance and model parameters
Doing analysis at TEMP = 27.000000 and TNOM = 27.000000

 Reference value :  1.00000e-09
 Reference value :  1.00000e-09
 Reference value :  1.00000e-09
 Reference value :  1.00000e-09
 Reference value :  2.25700e-06
 Reference value :  1.00000e-09
 Reference value :  1.61500e-06
 Reference value :  1.00000e-09
 Reference value :  1.32600e-06
 Reference value :  2.34300e-06
 Reference value :  7.60000e-08
 Reference value :  3.56300e-06
 Reference value :  2.63400e-06
 Reference value :  1.57800e-06
 Reference value :  6.17000e-07
 Reference value :  5.90300e-06
 Reference value :  2.89900e-06
 Reference value :  1.34300e-06
 Reference value :  3.52000e-07
 Reference value :  3.11900e-06
 Reference value :  3.80700e-06
 Reference value :  7.41000e-06
 Reference value :  2.28300e-06
 Reference value :  6.16000e-06
 Reference value :  1.83200e-06
 Reference value :  6.34000e-07
 Reference value :  3.13200e-06
 Reference value :  3.66000e-07
 Reference value :  2.92700e-06
 Reference value :  4.23100e-06
 Reference value :  1.06400e-06
 Reference value :  1.88700e-06
 Reference value :  6.39900e-06
 Reference value :  2.79900e-06
 Reference value :  2.87400e-06
 Reference value :  3.64000e-06
 Reference value :  4.96600e-06
 Reference value :  1.90600e-06
 Reference value :  9.08700e-06
No. of Data Rows : 10000
binary raw file "nfet_01v8_gotest.raw"
ngspice-42 done
 Reference value :  3.58900e-06
 Reference value :  8.58100e-06
No. of Data Rows : 10000
binary raw file "nfet_01v8_gotest.raw"
ngspice-42 done
 Reference value :  7.44000e-06
 Reference value :  4.02400e-06
 Reference value :  2.74400e-06
 Reference value :  4.79100e-06
 Reference value :  5.29700e-06
 Reference value :  8.74700e-06
No. of Data Rows : 10000
binary raw file "nfet_01v8_gotest.raw"
ngspice-42 done
 Reference value :  6.61400e-06
 Reference value :  3.84000e-06
 Reference value :  6.61000e-06
 Reference value :  5.47500e-06
 Reference value :  8.11200e-06
 Reference value :  8.22600e-06
 Reference value :  7.69000e-06
 Reference value :  9.82200e-06
No. of Data Rows : 10000
binary raw file "nfet_01v8_gotest.raw"
ngspice-42 done
 Reference value :  9.63800e-06
No. of Data Rows : 10000
binary raw file "nfet_01v8_gotest.raw"
ngspice-42 done
 Reference value :  9.90000e-06
No. of Data Rows : 10000
binary raw file "nfet_01v8_gotest.raw"
ngspice-42 done
 Reference value :  9.44300e-06
No. of Data Rows : 10000
binary raw file "nfet_01v8_gotest.raw"
ngspice-42 done
Running: ngspice  ngspice/Vg_8.spice
Current working directory is: /home/cmaier/EDA/efabless/chipalooza2024/sky130_cm_ip__biasgen
.temp: no such command available in ngspice
******
** ngspice-42 : Circuit level simulation program
** Compiled with Sparse Direct Linear Solver
** The U. C. Berkeley CAD Group
** Copyright 1985-1994, Regents of the University of California.
** Copyright 2001-2023, The ngspice team.
** Please get your ngspice manual from https://ngspice.sourceforge.io/docs.html
** Please file your bug-reports at http://ngspice.sourceforge.net/bugrep.html
** Creation Date: Sun Mar 10 02:59:47 UTC 2024
******

Note: Compatibility modes selected: hs a


Circuit: ** sch_path: /home/cmaier/eda/efabless/chipalooza2024/sky130_cm_ip__biasgen/cace/tb_nfet_01v8_gmtest.sch

option SCALE: Scale is set to 1e-06 for instance and model parameters
option SCALE: Scale is set to 1e-06 for instance and model parameters
option SCALE: Scale is set to 1e-06 for instance and model parameters
option SCALE: Scale is set to 1e-06 for instance and model parameters
Doing analysis at TEMP = 27.000000 and TNOM = 27.000000

Running: ngspice  ngspice/Vg_9.spice
Current working directory is: /home/cmaier/EDA/efabless/chipalooza2024/sky130_cm_ip__biasgen
.temp: no such command available in ngspice
******
** ngspice-42 : Circuit level simulation program
** Compiled with Sparse Direct Linear Solver
** The U. C. Berkeley CAD Group
** Copyright 1985-1994, Regents of the University of California.
** Copyright 2001-2023, The ngspice team.
** Please get your ngspice manual from https://ngspice.sourceforge.io/docs.html
** Please file your bug-reports at http://ngspice.sourceforge.net/bugrep.html
** Creation Date: Sun Mar 10 02:59:47 UTC 2024
******

Note: Compatibility modes selected: hs a


Circuit: ** sch_path: /home/cmaier/eda/efabless/chipalooza2024/sky130_cm_ip__biasgen/cace/tb_nfet_01v8_gmtest.sch

option SCALE: Scale is set to 1e-06 for instance and model parameters
option SCALE: Scale is set to 1e-06 for instance and model parameters
option SCALE: Scale is set to 1e-06 for instance and model parameters
option SCALE: Scale is set to 1e-06 for instance and model parameters
Doing analysis at TEMP = 27.000000 and TNOM = 27.000000

 Reference value :  1.00000e-09
 Reference value :  1.00000e-09
 Reference value :  2.71900e-06
 Reference value :  3.49100e-06
 Reference value :  5.87200e-06
 Reference value :  6.49500e-06
 Reference value :  9.59200e-06
No. of Data Rows : 10000
binary raw file "nfet_01v8_gotest.raw"
ngspice-42 done
 Reference value :  8.70900e-06
No. of Data Rows : 10000
binary raw file "nfet_01v8_gotest.raw"
ngspice-42 done
Files to simulate method Vg: 9
Completed 9 of 9 simulations
Collating results
Simulation of Vg has completed.
no datasheet_anno, so there are no results to save.
